<?xml version="1.0" encoding="UTF-8"?>
<!-- Generated by org.testng.reporters.JUnitReportReporter -->
<testsuite hostname="LAPTOP-F3PN2A12" failures="0" tests="1" name="testcases.Screen_Shot" time="17.966" errors="0" timestamp="2025-04-07T12:03:08 IST" skipped="0">
  <testcase classname="testcases.Screen_Shot" name="SS" time="17.966"/>
</testsuite> <!-- testcases.Screen_Shot -->
